140616
Starting thread: 0

Thread: 0 Doing: [571, 514, 239, 162, 0]
Starting thread: 1

Thread: 1 Doing: [571, 446, 80, 15, 0]
Starting thread: 2

Thread: 2 Doing: [571, 508, 435, 133, 0]
Starting thread: 3

Thread: 3 Doing: [571, 355, 233, 228, 0]
Starting thread: 4

Thread: 4 Doing: [571, 422, 356, 223, 0]
Starting thread: 5

Thread: 5 Doing: [571, 561, 501, 333, 0]
Starting thread: 6

Thread: 6 Doing: [571, 450, 348, 1, 0]
Starting thread: 7

Thread: 7 Doing: [571, 549, 238, 119, 0]
Starting thread: 8

Starting thread: 9

Thread: 8 Doing: [571, 217, 151, 100, 0]
Thread: 9 Doing: [571, 362, 176, 147, 0]
 Starting thread: 10

Thread: 10 Doing: [571, 497, 492, 268, 0]
 Starting thread: 11

Thread: 11 Doing: [571, 538, 185, 117, 0]
Starting thread: 12

Thread: 12 Doing: [571, 569, 400, 180, 0]
Starting thread: 13

Thread: 13 Doing: [571, 478, 376, 325, 0]
Starting thread: 14

Thread: 14 Doing: [571, 563, 125, 64, 0]
 Starting thread: 15

Thread: 15 Doing: [571, 543, 493, 348, 0]
Starting thread: 16

Thread: 16 Doing: [571, 560, 409, 252, 0]
Starting thread: 17

Starting thread: 18

Thread: 18 Doing: [571, 485, 430, 341, 0]
Starting thread: 19

Starting thread: 20

Thread: 20 Doing: [571, 565, 286, 3, 0]
Thread: 17 Doing: [571, 417, 337, 64, 0]
 Starting thread: 21
Thread: 19 Doing: [571, 476, 325, 291, 0]
 Starting thread: 22
Starting thread: 23


Thread: 23 Doing: [571, 548, 133, 53, 0]

Starting thread: 24

Thread: 21 Doing: [571, 334, 199, 103, 0]
Starting thread: 25

Starting thread: 26

Starting thread: 27

Starting thread: 28

Thread: 22 Doing: [571, 143, 72, 62, 0]
 Starting thread: 29

Starting thread: 30

Starting thread: 31

Starting thread: 32

Starting thread: 33

Starting thread: 34

Thread: 24 Doing: [571, 423, 80, 65, 0]
 Starting thread: 35

Starting thread: 36

Starting thread: 37

Starting thread: 38

Starting thread: 39

Starting thread: 40

Starting thread: 41

Thread: 25 Doing: [571, 460, 135, 6, 0]
Thread: 26 Doing: [571, 398, 204, 73, 0]
Starting thread: 42

Starting thread: 43

Thread: 27 Doing: [571, 313, 81, 42, 0]
 Starting thread: 44

Starting thread: 45

Thread: 28 Doing: [571, 190, 169, 79, 0]
Thread: 29 Doing: [571, 495, 478, 419, 0]
Thread: 30 Doing: [571, 528, 230, 121, 0]
Thread: 32 Doing: [571, 349, 165, 10, 0]
Thread: 31 Doing: [571, 438, 259, 53, 0]
Thread: 33 Doing: [571, 389, 364, 182, 0]
Thread: 35 Doing: [571, 533, 475, 242, 0]
Thread: 36 Doing: [571, 569, 431, 28, 0]
Thread: 34 Doing: [571, 550, 273, 189, 0]
Thread: 37 Doing: [571, 435, 241, 174, 0]
Thread: 38 Doing: [571, 545, 225, 196, 0]
Thread: 39 Doing: [571, 457, 284, 2, 0]
Thread: 40 Doing: [571, 512, 62, 10, 0]
Thread: 41 Doing: [571, 557, 378, 95, 0]
Thread: 42 Doing: [571, 562, 192, 147, 0]
Thread: 43 Doing: [571, 351, 283, 62, 0]
Thread: 44 Doing: [571, 510, 387, 322, 0]
Thread: 45 Doing: [571, 225, 97, 4, 0]
[571, 334, 199, 103, 0]:2349
Thread: 21 Doing: [571, 514, 220, 157, 0]
[571, 217, 151, 100, 0]:2426
Thread: 8 Doing: [571, 330, 313, 153, 0]
[571, 313, 81, 42, 0]:2282
Thread: 27 Doing: [571, 338, 313, 11, 0]
[571, 190, 169, 79, 0]:2456
Thread: 28 Doing: [571, 221, 206, 84, 0]
[571, 143, 72, 62, 0]:2346
Thread: 22 Doing: [571, 517, 491, 345, 0]
[571, 355, 233, 228, 0]:2625
Thread: 3 Doing: [571, 396, 346, 6, 0]
[571, 338, 313, 11, 0]:2699
Thread: 27 Doing: [571, 408, 365, 160, 0]
[571, 221, 206, 84, 0]:2493
Thread: 28 Doing: [571, 494, 239, 22, 0]
[571, 225, 97, 4, 0]:2334
Thread: 45 Doing: [571, 426, 353, 88, 0]
[571, 389, 364, 182, 0]:1706
Thread: 33 Doing: [571, 514, 204, 106, 0]
[571, 349, 165, 10, 0]:2290
Thread: 32 Doing: [571, 376, 180, 17, 0]
[571, 362, 176, 147, 0]:2397
Thread: 9 Doing: [571, 545, 330, 158, 0]
[571, 423, 80, 65, 0]:2329
Thread: 24 Doing: [571, 310, 243, 115, 0]
[571, 446, 80, 15, 0]:2280
Thread: 1 Doing: [571, 358, 242, 20, 0]
[571, 398, 204, 73, 0]:2319
Thread: 26 Doing: [571, 215, 175, 54, 0]
[571, 376, 180, 17, 0]:2280
Thread: 32 Doing: [571, 557, 466, 255, 0]
[571, 460, 135, 6, 0]:2303
Thread: 25 Doing: [571, 553, 552, 260, 0]
[571, 351, 283, 62, 0]:2568
Thread: 43 Doing: [571, 259, 97, 16, 0]
[571, 330, 313, 153, 0]:2625
Thread: 8 Doing: [571, 352, 107, 29, 0]
[571, 438, 259, 53, 0]:2431
Thread: 31 Doing: [571, 530, 290, 273, 0]
[571, 259, 97, 16, 0]:2337
Thread: 43 Doing: [571, 254, 247, 147, 0]
[571, 310, 243, 115, 0]:2484
Thread: 24 Doing: [571, 240, 94, 87, 0]
[571, 435, 241, 174, 0]:2536
[571, 215, 175, 54, 0]:2447
Thread: 37 Doing: [571, 533, 217, 36, 0]
Thread: 26 Doing: [571, 546, 365, 355, 0]
[571, 457, 284, 2, 0]:2566
Thread: 39 Doing: [571, 520, 381, 204, 0]
[571, 426, 353, 88, 0]:2713
Thread: 45 Doing: [571, 306, 293, 163, 0]
[571, 352, 107, 29, 0]:2280
Thread: 8 Doing: [571, 458, 395, 151, 0]
[571, 240, 94, 87, 0]:2368
Thread: 24 Doing: [571, 478, 334, 241, 0]
[571, 358, 242, 20, 0]:2462
Thread: 1 Doing: [571, 548, 425, 183, 0]
[571, 254, 247, 147, 0]:2576
Thread: 43 Doing: [571, 431, 341, 70, 0]
[571, 417, 337, 64, 0]:2695
Thread: 17 Doing: [571, 541, 442, 34, 0]
[571, 408, 365, 160, 0]:2761
Thread: 27 Doing: [571, 288, 260, 113, 0]
[571, 450, 348, 1, 0]:2809
Thread: 6 Doing: [571, 359, 242, 21, 0]
[571, 422, 356, 223, 0]:2735
Thread: 4 Doing: [571, 520, 148, 57, 0]
[571, 476, 325, 291, 0]:2881
Thread: 19 Doing: [571, 537, 214, 149, 0]
[571, 288, 260, 113, 0]:2534
Thread: 27 Doing: [571, 515, 361, 290, 0]
[571, 396, 346, 6, 0]:2752
Thread: 3 Doing: [571, 266, 158, 135, 0]
[571, 359, 242, 21, 0]:2459
Thread: 6 Doing: [571, 495, 399, 162, 0]
[571, 266, 158, 135, 0]:2435
Thread: 3 Doing: [571, 346, 108, 58, 0]
[571, 478, 376, 325, 0]:3212
Thread: 13 Doing: [571, 501, 448, 324, 0]
[571, 306, 293, 163, 0]:2605
Thread: 45 Doing: [571, 555, 421, 16, 0]
[571, 346, 108, 58, 0]:2287
Thread: 3 Doing: [571, 256, 141, 112, 0]
[571, 514, 220, 157, 0]:2535
Thread: 21 Doing: [571, 424, 369, 140, 0]
[571, 256, 141, 112, 0]:2409
Thread: 3 Doing: [571, 406, 179, 129, 0]
[571, 494, 239, 22, 0]:2473
Thread: 28 Doing: [571, 264, 263, 178, 0]
[571, 478, 334, 241, 0]:2068
Thread: 24 Doing: [571, 418, 309, 250, 0]
[571, 514, 239, 162, 0]:2545
Thread: 0 Doing: [571, 507, 496, 162, 0]
[571, 431, 341, 70, 0]:2693
Thread: 43 Doing: [571, 457, 323, 50, 0]
[571, 512, 62, 10, 0]:2282
Thread: 40 Doing: [571, 453, 329, 250, 0]
[571, 520, 381, 204, 0]:3414
Thread: 39 Doing: [571, 494, 343, 164, 0]
[571, 264, 263, 178, 0]:2681
Thread: 28 Doing: [571, 569, 472, 357, 0]
[571, 458, 395, 151, 0]:2939
Thread: 8 Doing: [571, 481, 465, 159, 0]
[571, 406, 179, 129, 0]:2371
Thread: 3 Doing: [571, 525, 438, 207, 0]
[571, 550, 273, 189, 0]:2990
Thread: 34 Doing: [571, 552, 289, 62, 0]
[571, 514, 204, 106, 0]:2431
Thread: 33 Doing: [571, 386, 308, 39, 0]
[571, 520, 148, 57, 0]:2376
Thread: 4 Doing: [571, 456, 351, 205, 0]
[571, 386, 308, 39, 0]:2628
Thread: 33 Doing: [571, 426, 399, 376, 0]
[571, 485, 430, 341, 0]:3638
Thread: 18 Doing: [571, 224, 209, 46, 0]
[571, 418, 309, 250, 0]:2756
Thread: 24 Doing: [571, 300, 54, 21, 0]
[571, 300, 54, 21, 0]:2280
Thread: 24 Doing: [571, 532, 202, 13, 0]
[571, 424, 369, 140, 0]:2761
Thread: 21 Doing: [571, 506, 442, 251, 0]
[571, 224, 209, 46, 0]:2516
Thread: 18 Doing: [571, 459, 434, 271, 0]
[571, 528, 230, 121, 0]:2590
Thread: 30 Doing: [571, 368, 356, 10, 0]
[571, 495, 478, 419, 0]:3603
Thread: 29 Doing: [571, 541, 132, 35, 0]
[571, 453, 329, 250, 0]:2768
Thread: 40 Doing: [571, 402, 268, 23, 0]
[571, 457, 323, 50, 0]:2667
Thread: 43 Doing: [571, 198, 99, 46, 0]
[571, 494, 343, 164, 0]:2773
Thread: 39 Doing: [571, 556, 429, 141, 0]
[571, 198, 99, 46, 0]:2114
Thread: 43 Doing: [571, 318, 173, 28, 0]
[571, 318, 173, 28, 0]:2212
Thread: 43 Doing: [571, 338, 110, 97, 0]
[571, 402, 268, 23, 0]:2478
Thread: 40 Doing: [571, 262, 79, 21, 0]
[571, 368, 356, 10, 0]:2805
Thread: 30 Doing: [571, 570, 460, 427, 0]
[571, 262, 79, 21, 0]:2323
Thread: 40 Doing: [571, 241, 228, 5, 0]
[571, 241, 228, 5, 0]:2559
Thread: 40 Doing: [571, 401, 309, 116, 0]
[571, 338, 110, 97, 0]:2363
Thread: 43 Doing: [571, 536, 397, 374, 0]
[571, 495, 399, 162, 0]:3197
Thread: 6 Doing: [571, 351, 119, 14, 0]
[571, 456, 351, 205, 0]:2761
Thread: 4 Doing: [571, 528, 513, 346, 0]
[571, 401, 309, 116, 0]:2619
Thread: 40 Doing: [571,Exception in thread Thread-18:
Traceback (most recent call last):
  File "/usr/lib/python2.7/threading.py", line 810, in __bootstrap_inner
    self.run()
  File "/root/Reduction/reduction/threadc.py", line 27, in run
    count = reduc.reduction(i.coefs())
  File "/root/Reduction/reduction/reduction.py", line 49, in reduction
    self.p, self.matrix = otimizator.optimize(self.matrix, self.mdegree)
  File "/root/Reduction/reduction/ot.py", line 19, in optimize
    pair, is_break = self._generate_all_pairs(self.matrix)
  File "/root/Reduction/reduction/ot.py", line 61, in _generate_all_pairs
    allPairs[pair] = 1
MemoryError

Exception in thread Thread-15:
Traceback (most recent call last):
  File "/usr/lib/python2.7/threading.py", line 810, in __bootstrap_inner
    self.run()
  File "/root/Reduction/reduction/threadc.py", line 27, in run
    count = reduc.reduction(i.coefs())
  File "/root/Reduction/reduction/reduction.py", line 49, in reduction
    self.p, self.matrix = otimizator.optimize(self.matrix, self.mdegree)
  File "/root/Reduction/reduction/ot.py", line 19, in optimize
    pair, is_break = self._generate_all_pairs(self.matrix)
  File "/root/Reduction/reduction/ot.py", line 61, in _generate_all_pairs
    allPairs[pair] = 1
MemoryError

Exception in thread Thread-39:
Traceback (most recent call last):
  File "/usr/lib/python2.7/threading.py", line 810, in __bootstrap_inner
    self.run()
  File "/root/Reduction/reduction/threadc.py", line 27, in run
    count = reduc.reduction(i.coefs())
  File "/root/Reduction/reduction/reduction.py", line 49, in reduction
    self.p, self.matrix = otimizator.optimize(self.matrix, self.mdegree)
  File "/root/Reduction/reduction/ot.py", line 19, in optimize
    pair, is_break = self._generate_all_pairs(self.matrix)
  File "/root/Reduction/reduction/ot.py", line 61, in _generate_all_pairs
    allPairs[pair] = 1
MemoryError

Exception in thread Thread-8:
Traceback (most recent call last):
  File "/usr/lib/python2.7/threading.py", line 810, in __bootstrap_inner
    self.run()
  File "/root/Reduction/reduction/threadc.py", line 27, in run
    count = reduc.reduction(i.coefs())
  File "/root/Reduction/reduction/reduction.py", line 49, in reduction
    self.p, self.matrix = otimizator.optimize(self.matrix, self.mdegree)
  File "/root/Reduction/reduction/ot.py", line 19, in optimize
    pair, is_break = self._generate_all_pairs(self.matrix)
  File "/root/Reduction/reduction/ot.py", line 61, in _generate_all_pairs
    allPairs[pair] = 1
MemoryError

Exception in thread Thread-4:
Traceback (most recent call last):
  File "/usr/lib/python2.7/threading.py", line 810, in __bootstrap_inner
    self.run()
  File "/root/Reduction/reduction/threadc.py", line 27, in run
    count = reduc.reduction(i.coefs())
  File "/root/Reduction/reduction/reduction.py", line 49, in reduction
    self.p, self.matrix = otimizator.optimize(self.matrix, self.mdegree)
  File "/root/Reduction/reduction/ot.py", line 19, in optimize
    pair, is_break = self._generate_all_pairs(self.matrix)
  File "/root/Reduction/reduction/ot.py", line 61, in _generate_all_pairs
    allPairs[pair] = 1
MemoryError

Exception in thread Thread-2:
Traceback (most recent call last):
  File "/usr/lib/python2.7/threading.py", line 810, in __bootstrap_inner
    self.run()
  File "/root/Reduction/reduction/threadc.py", line 27, in run
    count = reduc.reduction(i.coefs())
  File "/root/Reduction/reduction/reduction.py", line 49, in reduction
    self.p, self.matrix = otimizator.optimize(self.matrix, self.mdegree)
  File "/root/Reduction/reduction/ot.py", line 19, in optimize
    pair, is_break = self._generate_all_pairs(self.matrix)
  File "/root/Reduction/reduction/ot.py", line 61, in _generate_all_pairs
    allPairs[pair] = 1
MemoryError
Exception in thread Thread-42:
Traceback (most recent call last):
  File "/usr/lib/python2.7/threading.py", line 810, in __bootstrap_inner
    self.run()
  File "/root/Reduction/reduction/threadc.py", line 27, in run
    count = reduc.reduction(i.coefs())
  File "/root/Reduction/reduction/reduction.py", line 49, in reduction
    self.p, self.matrix = otimizator.optimize(self.matrix, self.mdegree)
  File "/root/Reduction/reduction/ot.py", line 19, in optimize
    pair, is_break = self._generate_all_pairs(self.matrix)
  File "/root/Reduction/reduction/ot.py", line 61, in _generate_all_pairs
    allPairs[pair] = 1
MemoryError


Exception in thread Thread-1:
Traceback (most recent call last):
  File "/usr/lib/python2.7/threading.py", line 810, in __bootstrap_inner
    self.run()
  File "/root/Reduction/reduction/threadc.py", line 27, in run
    count = reduc.reduction(i.coefs())
  File "/root/Reduction/reduction/reduction.py", line 49, in reduction
    self.p, self.matrix = otimizator.optimize(self.matrix, self.mdegree)
  File "/root/Reduction/reduction/ot.py", line 19, in optimize
    pair, is_break = self._generate_all_pairs(self.matrix)
  File "/root/Reduction/reduction/ot.py", line 61, in _generate_all_pairs
    allPairs[pair] = 1
MemoryError

Exception in thread Thread-23:
Traceback (most recent call last):
  File "/usr/lib/python2.7/threading.py", line 810, in __bootstrap_inner
    self.run()
  File "/root/Reduction/reduction/threadc.py", line 27, in run
    count = reduc.reduction(i.coefs())
  File "/root/Reduction/reduction/reduction.py", line 49, in reduction
    self.p, self.matrix = otimizator.optimize(self.matrix, self.mdegree)
  File "/root/Reduction/reduction/ot.py", line 19, in optimize
    pair, is_break = self._generate_all_pairs(self.matrix)
  File "/root/Reduction/reduction/ot.py", line 61, in _generate_all_pairs
    allPairs[pair] = 1
MemoryError

Exception in thread Thread-21:
Traceback (most recent call last):
  File "/usr/lib/python2.7/threading.py", line 810, in __bootstrap_inner
    self.run()
  File "/root/Reduction/reduction/threadc.py", line 27, in run
    count = reduc.reduction(i.coefs())
  File "/root/Reduction/reduction/reduction.py", line 49, in reduction
    self.p, self.matrix = otimizator.optimize(self.matrix, self.mdegree)
  File "/root/Reduction/reduction/ot.py", line 19, in optimize
    pair, is_break = self._generate_all_pairs(self.matrix)
  File "/root/Reduction/reduction/ot.py", line 61, in _generate_all_pairs
    allPairs[pair] = 1
MemoryError

Exception in thread Thread-46:
Traceback (most recent call last):
  File "/usr/lib/python2.7/threading.py", line 810, in __bootstrap_inner
    self.run()
  File "/root/Reduction/reduction/threadc.py", line 27, in run
    count = reduc.reduction(i.coefs())
  File "/root/Reduction/reduction/reduction.py", line 49, in reduction
    self.p, self.matrix = otimizator.optimize(self.matrix, self.mdegree)
  File "/root/Reduction/reduction/ot.py", line 19, in optimize
    pair, is_break = self._generate_all_pairs(self.matrix)
  File "/root/Reduction/reduction/ot.py", line 61, in _generate_all_pairs
    allPairs[pair] = 1
MemoryError

Exception in thread Thread-43:
Traceback (most recent call last):
  File "/usr/lib/python2.7/threading.py", line 810, in __bootstrap_inner
    self.run()
  File "/root/Reduction/reduction/threadc.py", line 27, in run
    count = reduc.reduction(i.coefs())
  File "/root/Reduction/reduction/reduction.py", line 49, in reduction
    self.p, self.matrix = otimizator.optimize(self.matrix, self.mdegree)
  File "/root/Reduction/reduction/ot.py", line 19, in optimize
    pair, is_break = self._generate_all_pairs(self.matrix)
  File "/root/Reduction/reduction/ot.py", line 61, in _generate_all_pairs
    allPairs[pair] = 1
MemoryError

Exception in thread Thread-36:
Traceback (most recent call last):
  File "/usr/lib/python2.7/threading.py", line 810, in __bootstrap_inner
    self.run()
  File "/root/Reduction/reduction/threadc.py", line 27, in run
    count = reduc.reduction(i.coefs())
  File "/root/Reduction/reduction/reduction.py", line 49, in reduction
    self.p, self.matrix = otimizator.optimize(self.matrix, self.mdegree)
  File "/root/Reduction/reduction/ot.py", line 19, in optimize
    pair, is_break = self._generate_all_pairs(self.matrix)
  File "/root/Reduction/reduction/ot.py", line 61, in _generate_all_pairs
    allPairs[pair] = 1
MemoryError

Exception in thread Thread-30:
Traceback (most recent call last):
  File "/usr/lib/python2.7/threading.py", line 810, in __bootstrap_inner
    self.run()
  File "/root/Reduction/reduction/threadc.py", line 27, in run
    count = reduc.reduction(i.coefs())
  File "/root/Reduction/reduction/reduction.py", line 49, in reduction
    self.p, self.matrix = otimizator.optimize(self.matrix, self.mdegree)
  File "/root/Reduction/reduction/ot.py", line 19, in optimize
    pair, is_break = self._generate_all_pairs(self.matrix)
  File "/root/Reduction/reduction/ot.py", line 61, in _generate_all_pairs
    allPairs[pair] = 1
MemoryError

Exception in thread Thread-44:
Traceback (most recent call last):
  File "/usr/lib/python2.7/threading.py", line 810, in __bootstrap_inner
    self.run()
  File "/root/Reduction/reduction/threadc.py", line 27, in run
    count = reduc.reduction(i.coefs())
  File "/root/Reduction/reduction/reduction.py", line 49, in reduction
    self.p, self.matrix = otimizator.optimize(self.matrix, self.mdegree)
  File "/root/Reduction/reduction/ot.py", line 19, in optimize
    pair, is_break = self._generate_all_pairs(self.matrix)
  File "/root/Reduction/reduction/ot.py", line 61, in _generate_all_pairs
    allPairs[pair] = 1
MemoryError

Exception in thread Thread-10:
Traceback (most recent call last):
  File "/usr/lib/python2.7/threading.py", line 810, in __bootstrap_inner
    self.run()
  File "/root/Reduction/reduction/threadc.py", line 27, in run
    count = reduc.reduction(i.coefs())
  File "/root/Reduction/reduction/reduction.py", line 49, in reduction
    self.p, self.matrix = otimizator.optimize(self.matrix, self.mdegree)
  File "/root/Reduction/reduction/ot.py", line 19, in optimize
    pair, is_break = self._generate_all_pairs(self.matrix)
  File "/root/Reduction/reduction/ot.py", line 61, in _generate_all_pairs
    allPairs[pair] = 1
MemoryError

Exception in thread Thread-35:
Traceback (most recent call last):
  File "/usr/lib/python2.7/threading.py", line 810, in __bootstrap_inner
    self.run()
  File "/root/Reduction/reduction/threadc.py", line 27, in run
    count = reduc.reduction(i.coefs())
  File "/root/Reduction/reduction/reduction.py", line 49, in reduction
    self.p, self.matrix = otimizator.optimize(self.matrix, self.mdegree)
  File "/root/Reduction/reduction/ot.py", line 19, in optimize
    pair, is_break = self._generate_all_pairs(self.matrix)
  File "/root/Reduction/reduction/ot.py", line 61, in _generate_all_pairs
    allPairs[pair] = 1
MemoryError

Exception in thread Thread-28:
Traceback (most recent call last):
  File "/usr/lib/python2.7/threading.py", line 810, in __bootstrap_inner
    self.run()
  File "/root/Reduction/reduction/threadc.py", line 27, in run
    count = reduc.reduction(i.coefs())
  File "/root/Reduction/reduction/reduction.py", line 49, in reduction
    self.p, self.matrix = otimizator.optimize(self.matrix, self.mdegree)
  File "/root/Reduction/reduction/ot.py", line 19, in optimize
    pair, is_break = self._generate_all_pairs(self.matrix)
  File "/root/Reduction/reduction/ot.py", line 61, in _generate_all_pairs
    allPairs[pair] = 1
MemoryError

Exception in thread Thread-3:
Traceback (most recent call last):
  File "/usr/lib/python2.7/threading.py", line 810, in __bootstrap_inner
    self.run()
  File "/root/Reduction/reduction/threadc.py", line 27, in run
    count = reduc.reduction(i.coefs())
  File "/root/Reduction/reduction/reduction.py", line 49, in reduction
    self.p, self.matrix = otimizator.optimize(self.matrix, self.mdegree)
  File "/root/Reduction/reduction/ot.py", line 19, in optimize
    pair, is_break = self._generate_all_pairs(self.matrix)
  File "/root/Reduction/reduction/ot.py", line 61, in _generate_all_pairs
    allPairs[pair] = 1
MemoryError

Exception in thread Thread-27:
Traceback (most recent call last):
  File "/usr/lib/python2.7/threading.py", line 810, in __bootstrap_inner
    self.run()
  File "/root/Reduction/reduction/threadc.py", line 27, in run
    count = reduc.reduction(i.coefs())
  File "/root/Reduction/reduction/reduction.py", line 49, in reduction
    self.p, self.matrix = otimizator.optimize(self.matrix, self.mdegree)
  File "/root/Reduction/reduction/ot.py", line 19, in optimize
    pair, is_break = self._generate_all_pairs(self.matrix)
  File "/root/Reduction/reduction/ot.py", line 61, in _generate_all_pairs
    allPairs[pair] = 1
MemoryError

Exception in thread Thread-11:
Traceback (most recent call last):
  File "/usr/lib/python2.7/threading.py", line 810, in __bootstrap_inner
    self.run()
  File "/root/Reduction/reduction/threadc.py", line 27, in run
    count = reduc.reduction(i.coefs())
  File "/root/Reduction/reduction/reduction.py", line 49, in reduction
    self.p, self.matrix = otimizator.optimize(self.matrix, self.mdegree)
  File "/root/Reduction/reduction/ot.py", line 19, in optimize
    pair, is_break = self._generate_all_pairs(self.matrix)
  File "/root/Reduction/reduction/ot.py", line 61, in _generate_all_pairs
    allPairs[pair] = 1
MemoryError

Exception in thread Thread-41:
Traceback (most recent call last):
  File "/usr/lib/python2.7/threading.py", line 810, in __bootstrap_inner
    self.run()
  File "/root/Reduction/reduction/threadc.py", line 27, in run
    count = reduc.reduction(i.coefs())
  File "/root/Reduction/reduction/reduction.py", line 43, in reduction
    self.matrix = otimizator.sort(self.matrix)
  File "/root/Reduction/reduction/ot.py", line 35, in sort
    column = self._column(matrix, i)
  File "/root/Reduction/reduction/ot.py", line 189, in _column
    return [row[i] for row in matrix]
MemoryError

Exception in thread Thread-26:
Traceback (most recent call last):
  File "/usr/lib/python2.7/threading.py", line 810, in __bootstrap_inner
    self.run()
  File "/root/Reduction/reduction/threadc.py", line 27, in run
    count = reduc.reduction(i.coefs())
  File "/root/Reduction/reduction/reduction.py", line 35, in reduction
    self._reduce_others(self.matrix,exp_sorted)
  File "/root/Reduction/reduction/reduction.py", line 127, in _reduce_others
    reduceRow = self.reduce(matrix[index],e)
  File "/root/Reduction/reduction/reduction.py", line 175, in reduce
    rowReduced = [-1 for x in xrange(self.max_collum)]
MemoryError
Exception in thread Thread-31:
Traceback (most recent call last):
  File "/usr/lib/python2.7/threading.py", line 810, in __bootstrap_inner
    self.run()
  File "/root/Reduction/reduction/threadc.py", line 27, in run
    count = reduc.reduction(i.coefs())
  File "/root/Reduction/reduction/reduction.py", line 35, in reduction
    self._reduce_others(self.matrix,exp_sorted)
  File "/root/Reduction/reduction/reduction.py", line 127, in _reduce_others
    reduceRow = self.reduce(matrix[index],e)
  File "/root/Reduction/reduction/reduction.py", line 175, in reduce
    rowReduced = [-1 for x in xrange(self.max_collum)]
MemoryError
Exception in thread Thread-45:
Traceback (most recent call last):
  File "/usr/lib/python2.7/threading.py", line 810, in __bootstrap_inner
    self.run()
  File "/root/Reduction/reduction/threadc.py", line 27, in run
    count = reduc.reduction(i.coefs())
  File "/root/Reduction/reduction/reduction.py", line 49, in reduction
    self.p, self.matrix = otimizator.optimize(self.matrix, self.mdegree)
  File "/root/Reduction/reduction/ot.py", line 19, in optimize
    pair, is_break = self._generate_all_pairs(self.matrix)
  File "/root/Reduction/reduction/ot.py", line 61, in _generate_all_pairs
    allPairs[pair] = 1
MemoryError



Exception in thread Thread-14:
Traceback (most recent call last):
  File "/usr/lib/python2.7/threading.py", line 810, in __bootstrap_inner
    self.run()
  File "/root/Reduction/reduction/threadc.py", line 27, in run
    count = reduc.reduction(i.coefs())
  File "/root/Reduction/reduction/reduction.py", line 49, in reduction
    self.p, self.matrix = otimizator.optimize(self.matrix, self.mdegree)
  File "/root/Reduction/reduction/ot.py", line 19, in optimize
    pair, is_break = self._generate_all_pairs(self.matrix)
  File "/root/Reduction/reduction/ot.py", line 61, in _generate_all_pairs
    allPairs[pair] = 1
MemoryError

Exception in thread Thread-24:
Traceback (most recent call last):
  File "/usr/lib/python2.7/threading.py", line 810, in __bootstrap_inner
    self.run()
  File "/root/Reduction/reduction/threadc.py", line 27, in run
    count = reduc.reduction(i.coefs())
  File "/root/Reduction/reduction/reduction.py", line 49, in reduction
    self.p, self.matrix = otimizator.optimize(self.matrix, self.mdegree)
  File "/root/Reduction/reduction/ot.py", line 19, in optimize
    pair, is_break = self._generate_all_pairs(self.matrix)
  File "/root/Reduction/reduction/ot.py", line 61, in _generate_all_pairs
    allPairs[pair] = 1
MemoryError

Exception in thread Thread-9:
Traceback (most recent call last):
  File "/usr/lib/python2.7/threading.py", line 810, in __bootstrap_inner
    self.run()
  File "/root/Reduction/reduction/threadc.py", line 27, in run
    count = reduc.reduction(i.coefs())
  File "/root/Reduction/reduction/reduction.py", line 49, in reduction
    self.p, self.matrix = otimizator.optimize(self.matrix, self.mdegree)
  File "/root/Reduction/reduction/ot.py", line 19, in optimize
    pair, is_break = self._generate_all_pairs(self.matrix)
  File "/root/Reduction/reduction/ot.py", line 61, in _generate_all_pairs
    allPairs[pair] = 1
MemoryError

Exception in thread Thread-12:
Traceback (most recent call last):
  File "/usr/lib/python2.7/threading.py", line 810, in __bootstrap_inner
    self.run()
  File "/root/Reduction/reduction/threadc.py", line 27, in run
    count = reduc.reduction(i.coefs())
  File "/root/Reduction/reduction/reduction.py", line 49, in reduction
    self.p, self.matrix = otimizator.optimize(self.matrix, self.mdegree)
  File "/root/Reduction/reduction/ot.py", line 19, in optimize
    pair, is_break = self._generate_all_pairs(self.matrix)
  File "/root/Reduction/reduction/ot.py", line 61, in _generate_all_pairs
    allPairs[pair] = 1
MemoryError

Exception in thread Thread-22:
Traceback (most recent call last):
  File "/usr/lib/python2.7/threading.py", line 810, in __bootstrap_inner
    self.run()
  File "/root/Reduction/reduction/threadc.py", line 27, in run
    count = reduc.reduction(i.coefs())
  File "/root/Reduction/reduction/reduction.py", line 49, in reduction
    self.p, self.matrix = otimizator.optimize(self.matrix, self.mdegree)
  File "/root/Reduction/reduction/ot.py", line 19, in optimize
    pair, is_break = self._generate_all_pairs(self.matrix)
  File "/root/Reduction/reduction/ot.py", line 61, in _generate_all_pairs
    allPairs[pair] = 1
MemoryError
Exception in thread Thread-38:
Traceback (most recent call last):
  File "/usr/lib/python2.7/threading.py", line 810, in __bootstrap_inner
    self.run()
  File "/root/Reduction/reduction/threadc.py", line 27, in run
    count = reduc.reduction(i.coefs())
  File "/root/Reduction/reduction/reduction.py", line 35, in reduction
    self._reduce_others(self.matrix,exp_sorted)
  File "/root/Reduction/reduction/reduction.py", line 127, in _reduce_others
    reduceRow = self.reduce(matrix[index],e)
  File "/root/Reduction/reduction/reduction.py", line 175, in reduce
    rowReduced = [-1 for x in xrange(self.max_collum)]
MemoryError


Exception in thread Thread-25:
Traceback (most recent call last):
  File "/usr/lib/python2.7/threading.py", line 810, in __bootstrap_inner
    self.run()
  File "/root/Reduction/reduction/threadc.py", line 27, in run
    count = reduc.reduction(i.coefs())
  File "/root/Reduction/reduction/reduction.py", line 49, in reduction
    self.p, self.matrix = otimizator.optimize(self.matrix, self.mdegree)
  File "/root/Reduction/reduction/ot.py", line 19, in optimize
    pair, is_break = self._generate_all_pairs(self.matrix)
  File "/root/Reduction/reduction/ot.py", line 61, in _generate_all_pairs
    allPairs[pair] = 1
MemoryError
Exception in thread Thread-34:
Traceback (most recent call last):
  File "/usr/lib/python2.7/threading.py", line 810, in __bootstrap_inner
    self.run()
  File "/root/Reduction/reduction/threadc.py", line 27, in run
    count = reduc.reduction(i.coefs())
  File "/root/Reduction/reduction/reduction.py", line 35, in reduction
    self._reduce_others(self.matrix,exp_sorted)
  File "/root/Reduction/reduction/reduction.py", line 127, in _reduce_others
    reduceRow = self.reduce(matrix[index],e)
  File "/root/Reduction/reduction/reduction.py", line 175, in reduce
    rowReduced = [-1 for x in xrange(self.max_collum)]
MemoryError

Exception in thread Thread-13:
Traceback (most recent call last):
  File "/usr/lib/python2.7/threading.py", line 810, in __bootstrap_inner
    self.run()
  File "/root/Reduction/reduction/threadc.py", line 27, in run
    count = reduc.reduction(i.coefs())
  File "/root/Reduction/reduction/reduction.py", line 35, in reduction
    self._reduce_others(self.matrix,exp_sorted)
  File "/root/Reduction/reduction/reduction.py", line 127, in _reduce_others
    reduceRow = self.reduce(matrix[index],e)
  File "/root/Reduction/reduction/reduction.py", line 175, in reduce
    rowReduced = [-1 for x in xrange(self.max_collum)]
MemoryError

Exception in thread Thread-7:
Traceback (most recent call last):
  File "/usr/lib/python2.7/threading.py", line 810, in __bootstrap_inner
    self.run()
  File "/root/Reduction/reduction/threadc.py", line 27, in run
    count = reduc.reduction(i.coefs())
  File "/root/Reduction/reduction/reduction.py", line 35, in reduction
    self._reduce_others(self.matrix,exp_sorted)
  File "/root/Reduction/reduction/reduction.py", line 127, in _reduce_others
    reduceRow = self.reduce(matrix[index],e)
  File "/root/Reduction/reduction/reduction.py", line 175, in reduce
    rowReduced = [-1 for x in xrange(self.max_collum)]
MemoryError
Exception in thread Thread-37:
Traceback (most recent call last):
  File "/usr/lib/python2.7/threading.py", line 810, in __bootstrap_inner
    self.run()
  File "/root/Reduction/reduction/threadc.py", line 27, in run
    count = reduc.reduction(i.coefs())
  File "/root/Reduction/reduction/reduction.py", line 35, in reduction
    self._reduce_others(self.matrix,exp_sorted)
  File "/root/Reduction/reduction/reduction.py", line 127, in _reduce_others
    reduceRow = self.reduce(matrix[index],e)
  File "/root/Reduction/reduction/reduction.py", line 175, in reduce
    rowReduced = [-1 for x in xrange(self.max_collum)]
MemoryError



Exception in thread Thread-17:
Traceback (most recent call last):
  File "/usr/lib/python2.7/threading.py", line 810, in __bootstrap_inner
    self.run()
  File "/root/Reduction/reduction/threadc.py", line 27, in run
    count = reduc.reduction(i.coefs())
  File "/root/Reduction/reduction/reduction.py", line 49, in reduction
    self.p, self.matrix = otimizator.optimize(self.matrix, self.mdegree)
  File "/root/Reduction/reduction/ot.py", line 19, in optimize
    pair, is_break = self._generate_all_pairs(self.matrix)
  File "/root/Reduction/reduction/ot.py", line 61, in _generate_all_pairs
    allPairs[pair] = 1
MemoryError

Exception in thread Thread-20:
Traceback (most recent call last):
  File "/usr/lib/python2.7/threading.py", line 810, in __bootstrap_inner
    self.run()
  File "/root/Reduction/reduction/threadc.py", line 27, in run
    count = reduc.reduction(i.coefs())
  File "/root/Reduction/reduction/reduction.py", line 49, in reduction
    self.p, self.matrix = otimizator.optimize(self.matrix, self.mdegree)
  File "/root/Reduction/reduction/ot.py", line 19, in optimize
    pair, is_break = self._generate_all_pairs(self.matrix)
  File "/root/Reduction/reduction/ot.py", line 61, in _generate_all_pairs
    allPairs[pair] = 1
MemoryError

Exception in thread Thread-29:
Traceback (most recent call last):
  File "/usr/lib/python2.7/threading.py", line 810, in __bootstrap_inner
    self.run()
  File "/root/Reduction/reduction/threadc.py", line 27, in run
    count = reduc.reduction(i.coefs())
  File "/root/Reduction/reduction/reduction.py", line 35, in reduction
    self._reduce_others(self.matrix,exp_sorted)
  File "/root/Reduction/reduction/reduction.py", line 127, in _reduce_others
    reduceRow = self.reduce(matrix[index],e)
  File "/root/Reduction/reduction/reduction.py", line 175, in reduce
    rowReduced = [-1 for x in xrange(self.max_collum)]
MemoryError

Exception in thread Thread-32:
Traceback (most recent call last):
  File "/usr/lib/python2.7/threading.py", line 810, in __bootstrap_inner
    self.run()
  File "/root/Reduction/reduction/threadc.py", line 27, in run
    count = reduc.reduction(i.coefs())
  File "/root/Reduction/reduction/reduction.py", line 35, in reduction
    self._reduce_others(self.matrix,exp_sorted)
  File "/root/Reduction/reduction/reduction.py", line 127, in _reduce_others
    reduceRow = self.reduce(matrix[index],e)
  File "/root/Reduction/reduction/reduction.py", line 175, in reduce
    rowReduced = [-1 for x in xrange(self.max_collum)]
MemoryError

Exception in thread Thread-40:
Traceback (most recent call last):
  File "/usr/lib/python2.7/threading.py", line 810, in __bootstrap_inner
    self.run()
  File "/root/Reduction/reduction/threadc.py", line 27, in run
    count = reduc.reduction(i.coefs())
  File "/root/Reduction/reduction/reduction.py", line 49, in reduction
    self.p, self.matrix = otimizator.optimize(self.matrix, self.mdegree)
  File "/root/Reduction/reduction/ot.py", line 19, in optimize
    pair, is_break = self._generate_all_pairs(self.matrix)
  File "/root/Reduction/reduction/ot.py", line 61, in _generate_all_pairs
    allPairs[pair] = 1
MemoryError

Exception in thread Thread-19:
Traceback (most recent call last):
  File "/usr/lib/python2.7/threading.py", line 810, in __bootstrap_inner
    self.run()
  File "/root/Reduction/reduction/threadc.py", line 27, in run
    count = reduc.reduction(i.coefs())
  File "/root/Reduction/reduction/reduction.py", line 49, in reduction
    self.p, self.matrix = otimizator.optimize(self.matrix, self.mdegree)
  File "/root/Reduction/reduction/ot.py", line 19, in optimize
    pair, is_break = self._generate_all_pairs(self.matrix)
  File "/root/Reduction/reduction/ot.py", line 61, in _generate_all_pairs
    allPairs[pair] = 1
MemoryError

Exception in thread Thread-6:
Traceback (most recent call last):
  File "/usr/lib/python2.7/threading.py", line 810, in __bootstrap_inner
    self.run()
  File "/root/Reduction/reduction/threadc.py", line 27, in run
    count = reduc.reduction(i.coefs())
  File "/root/Reduction/reduction/reduction.py", line 35, in reduction
    self._reduce_others(self.matrix,exp_sorted)
  File "/root/Reduction/reduction/reduction.py", line 128, in _reduce_others
    matrix.append(reduceRow)
MemoryError

