-i
-o
-t
Input file is " irred_pent_571.txt
Output file is " saida_irred_pent_571_tipo_10.txt
number of threds 30
178
si + 6
starting....
i = 0
j = 6
i = 6
j = 12
i = 12
j = 18
i = 18
j = 24
i = 24
j = 30
i = 30
j = 36
i = 36
j = 42
i = 42
j = 48
i = 48
j = 54
i = 54
j = 60
i = 60
j = 66
i = 66
j = 72
i = 72
j = 78
i = 78
j = 84
i = 84
j = 90
i = 90
j = 96
i = 96
j = 102
i = 102
j = 108
i = 108
j = 114
i = 114
j = 120
i = 120
j = 126
i = 126
j = 132
i = 132
j = 138
i = 138
j = 144
i = 144
j = 150
i = 150
j = 156
i = 156
j = 162
i = 162
j = 168
i = 168
j = 174
i = 174
j = 178
Starting thread: 0

Thread: 0 Doing: [571, 416, 317, 99, 0]
Starting thread: 1

Thread: 1 Doing: [571, 480, 263, 217, 0]
Starting thread: 2

Thread: 2 Doing: [571, 498, 415, 83, 0]
 Starting thread: 3

Thread: 3 Doing: [571, 112, 106, 6, 0]
Starting thread: 4

Thread: 4 Doing: [571, 120, 99, 21, 0]
Starting thread: 5

Thread: 5 Doing: [571, 458, 285, 173, 0]
Starting thread: 6

Thread: 6 Doing: [571, 124, 117, 7, 0]
Starting thread: 7

Thread: 7 Doing: [571, 454, 327, 127, 0]
Starting thread: 8

Thread: 8 Doing: [571, 352, 311, 41, 0]
Starting thread: 9

Thread: 9 Doing: [571, 466, 319, 147, 0]
Starting thread: 10

Thread: 10 Doing: [571, 304, 259, 45, 0]
Starting thread: 11

Thread: 11 Doing: [571, 534, 441, 93, 0]
Starting thread: 12

Thread: 12 Doing: [571, 391, 301, 90, 0]
Starting thread: 13

Thread: 13 Doing: [571, 450, 271, 179, 0]
Starting thread: 14

Thread: 14 Doing: [571, 348, 315, 33, 0]
Starting thread: 15

Thread: 15 Doing: [571, 418, 259, 159, 0]
Starting thread: 16

Thread: 16 Doing: [571, 514, 443, 71, 0]
Starting thread: 17

Starting thread: 18

Thread: 17 Doing: [571, 556, 295, 261, 0]
Thread: 18 Doing: [571, 565, 388, 177, 0]
Starting thread: 19

Thread: 19 Doing: [571, 234, 193, 41, 0]
Starting thread: 20

Thread: 20 Doing: [571, 465, 359, 106, 0]
Starting thread: 21

Thread: 21 Doing: [571, 352, 317, 35, 0]
Starting thread: 22

Thread: 22 Doing: [571, 550, 289, 261, 0]
Starting thread: 23

Thread: 23 Doing: [571, 509, 341, 168, 0]
Starting thread: 24

Thread: 24 Doing: [571, 450, 375, 75, 0]
Starting thread: 25

Thread: 25 Doing: [571, 570, 489, 81, 0]
Starting thread: 26

Thread: 26 Doing: [571, 523, 429, 94, 0]
Starting thread: 27

Thread: 27 Doing: [571, 546, 507, 39, 0]
Starting thread: 28

Thread: 28 Doing: [571, 562, 451, 111, 0]
Starting thread: 29

Thread: 29 Doing: [571, 414, 241, 173, 0]
Thread: 3 Doing: [571, 438, 266, 172, 0]
Thread: 4 Doing: [571, 457, 451, 6, 0]
Thread: 6 Doing: [571, 414, 393, 21, 0]
Thread: 19 Doing: [571, 552, 385, 167, 0]
Thread: 12 Doing: [571, 420, 379, 41, 0]
Thread: 10 Doing: [571, 496, 477, 19, 0]
Thread: 8 Doing: [571, 430, 335, 95, 0]
Thread: 21 Doing: [571, 424, 237, 187, 0]
Thread: 14 Doing: [571, 156, 119, 37, 0]
Thread: 3 Doing: [571, 470, 395, 75, 0]
Thread: 20 Doing: [571, 198, 151, 47, 0]
Thread: 15 Doing: [571, 354, 215, 139, 0]
Thread: 0 Doing: [571, 544, 535, 9, 0]
Thread: 29 Doing: [571, 526, 443, 83, 0]
Thread: 14 Doing: [571, 516, 269, 247, 0]
Thread: 13 Doing: [571, 216, 187, 29, 0]
Thread: 20 Doing: [571, 546, 343, 203, 0]
Thread: 15 Doing: [571, 416, 269, 147, 0]
Thread: 5 Doing: [571, 481, 436, 45, 0]
Thread: 7 Doing: [571, 52, 47, 5, 0]
Thread: 13 Doing: [571, 244, 147, 97, 0]
Thread: 21 Doing: [571, 464, 273, 191, 0]
Thread: 7 Doing: [571, 414, 211, 203, 0]
Thread: 9 Doing: [571, 512, 305, 207, 0]
Thread: 6 Doing: [571, 78, 57, 21, 0]
Thread: 24 Doing: [571, 160, 91, 69, 0]
Thread: 12 Doing: [571, 248, 219, 29, 0]
Thread: 13 Doing: [571, 192, 157, 35, 0]
Thread: 1 Doing: [571, 336, 209, 127, 0]
Thread: 8 Doing: [571, 88, 74, 14, 0]
Thread: 15 Doing: [571, 468, 265, 203, 0]
Thread: 24 Doing: [571, 538, 453, 85, 0]
Thread: 12 Doing: [571, 334, 289, 45, 0]
Thread: 6 Doing: [571, 456, 441, 15, 0]
Thread: 13 Doing: [571, 376, 366, 10, 0]
Thread: 8 Doing: [571, 500, 407, 93, 0]
Thread: 1 Doing: [571, 360, 275, 85, 0]
Thread: 7 Doing: [571, 478, 421, 57, 0]
Thread: 4 Doing: [571, 222, 145, 77, 0]
Thread: 12 Doing: [571, 512, 411, 101, 0]
Thread: 13 Doing: [571, 513, 389, 124,